<?xml version="1.0" encoding="UTF-8"?>
<!-- Generated by org.testng.reporters.JUnitReportReporter -->
<testsuite skipped="0" hostname="Chetan" name="com.crm.qa.testcases.LoginPageTest" tests="3" failures="0" timestamp="09 Jul 2020 18:09:25 GMT" time="25.936" errors="0">
  <testcase name="loginTest" time="10.854" classname="com.crm.qa.testcases.LoginPageTest"/>
  <testcase name="crmLogoImageTest" time="7.416" classname="com.crm.qa.testcases.LoginPageTest"/>
  <testcase name="LoginPageTitleTest" time="7.666" classname="com.crm.qa.testcases.LoginPageTest"/>
</testsuite> <!-- com.crm.qa.testcases.LoginPageTest -->
